<?xml version="1.0" encoding="UTF-8"?>
<!-- Generated by org.testng.reporters.JUnitReportReporter -->
<testsuite skipped="0" hostname="Vedant-PC" name="com.data.driven.test.StudentDataTest" tests="4" failures="0" timestamp="2020-10-10T16:32:09 IST" time="0.055" errors="0">
  <testcase name="sendEmailTest" time="0.003" classname="com.data.driven.test.StudentDataTest"/>
  <system-out/>
  <testcase name="sendEmailTest" time="0.002" classname="com.data.driven.test.StudentDataTest"/>
  <system-out/>
  <testcase name="sendEmailTest" time="0.048" classname="com.data.driven.test.StudentDataTest"/>
  <system-out/>
  <testcase name="sendEmailTest" time="0.002" classname="com.data.driven.test.StudentDataTest"/>
  <system-out/>
</testsuite> <!-- com.data.driven.test.StudentDataTest -->
